#
# There is insufficient memory for the Java Runtime Environment to continue.
# Native memory allocation (malloc) failed to allocate 2328320 bytes. Error detail: Chunk::new
# Possible reasons:
#   The system is out of physical RAM or swap space
#   This process is running with CompressedOops enabled, and the Java Heap may be blocking the growth of the native heap
# Possible solutions:
#   Reduce memory load on the system
#   Increase physical memory or swap space
#   Check if swap backing store is full
#   Decrease Java heap size (-Xmx/-Xms)
#   Decrease number of Java threads
#   Decrease Java thread stack sizes (-Xss)
#   Set larger code cache with -XX:ReservedCodeCacheSize=
#   JVM is running with Unscaled Compressed Oops mode in which the Java heap is
#     placed in the first 4GB address space. The Java Heap base address is the
#     maximum limit for the native heap growth. Please use -XX:HeapBaseMinAddress
#     to set the Java Heap base and to place the Java Heap above 4GB virtual address.
# This output file may be truncated or incomplete.
#
#  Out of Memory Error (arena.cpp:168), pid=16592, tid=11568
#
# JRE version: OpenJDK Runtime Environment Temurin-21.0.5+11 (21.0.5+11) (build 21.0.5+11-LTS)
# Java VM: OpenJDK 64-Bit Server VM Temurin-21.0.5+11 (21.0.5+11-LTS, mixed mode, sharing, tiered, compressed oops, compressed class ptrs, parallel gc, windows-amd64)
# No core dump will be written. Minidumps are not enabled by default on client versions of Windows
#

---------------  S U M M A R Y ------------

Command Line: --add-modules=ALL-SYSTEM --add-opens=java.base/java.util=ALL-UNNAMED --add-opens=java.base/java.lang=ALL-UNNAMED --add-opens=java.base/sun.nio.fs=ALL-UNNAMED -Declipse.application=org.eclipse.jdt.ls.core.id1 -Dosgi.bundles.defaultStartLevel=4 -Declipse.product=org.eclipse.jdt.ls.core.product -Djava.import.generatesMetadataFilesAtProjectRoot=false -DDetectVMInstallationsJob.disabled=true -Dfile.encoding=utf8 -XX:+UseParallelGC -XX:GCTimeRatio=4 -XX:AdaptiveSizePolicyWeight=90 -Dsun.zip.disableMemoryMapping=true -Xmx1G -Xms100m -Xlog:disable -javaagent:c:\Users\WWW\.cursor\extensions\redhat.java-1.39.0-win32-x64\lombok\lombok-1.18.34.jar -XX:+HeapDumpOnOutOfMemoryError -XX:HeapDumpPath=c:\Users\WWW\AppData\Roaming\Cursor\User\workspaceStorage\eb4fedb4cb654f5adfea5a1c7fcf14af\redhat.java -Daether.dependencyCollector.impl=bf c:\Users\WWW\.cursor\extensions\redhat.java-1.39.0-win32-x64\server\plugins\org.eclipse.equinox.launcher_1.6.900.v20240613-2009.jar -configuration c:\Users\WWW\AppData\Roaming\Cursor\User\globalStorage\redhat.java\1.39.0\config_win -data c:\Users\WWW\AppData\Roaming\Cursor\User\workspaceStorage\eb4fedb4cb654f5adfea5a1c7fcf14af\redhat.java\jdt_ws --pipe=\\.\pipe\lsp-f0ec18a87ab2e5ca0b014895f8ec2151-sock

Host: 11th Gen Intel(R) Core(TM) i7-11800H @ 2.30GHz, 16 cores, 15G,  Windows 11 , 64 bit Build 26100 (10.0.26100.3037)
Time: Sat Feb 15 18:46:15 2025 Sri Lanka Standard Time elapsed time: 18.629908 seconds (0d 0h 0m 18s)

---------------  T H R E A D  ---------------

Current thread (0x00000258f21ecd70):  JavaThread "C2 CompilerThread1" daemon [_thread_in_native, id=11568, stack(0x0000008eca900000,0x0000008ecaa00000) (1024K)]


Current CompileTask:
C2:18630 4766       4       org.lombokweb.asm.ClassReader::readMethod (1066 bytes)

Stack: [0x0000008eca900000,0x0000008ecaa00000]
Native frames: (J=compiled Java code, j=interpreted, Vv=VM code, C=native code)
V  [jvm.dll+0x6cd4e9]
V  [jvm.dll+0x8a7941]
V  [jvm.dll+0x8a9e6e]
V  [jvm.dll+0x8aa543]
V  [jvm.dll+0x27f6d6]
V  [jvm.dll+0xc500d]
V  [jvm.dll+0xc5543]
V  [jvm.dll+0x3b660c]
V  [jvm.dll+0x1dffe9]
V  [jvm.dll+0x247b22]
V  [jvm.dll+0x246faf]
V  [jvm.dll+0x1c75ce]
V  [jvm.dll+0x25682a]
V  [jvm.dll+0x254dca]
V  [jvm.dll+0x3f00d6]
V  [jvm.dll+0x8514fb]
V  [jvm.dll+0x6cbbed]
C  [ucrtbase.dll+0x37b0]
C  [KERNEL32.DLL+0x2e8d7]
C  [ntdll.dll+0xbbf2c]


---------------  P R O C E S S  ---------------

Threads class SMR info:
_java_thread_list=0x00000258f35145b0, length=32, elements={
0x00000258928fb730, 0x0000025894d443b0, 0x00000258ea1fc240, 0x0000025894d4a2b0,
0x0000025894d4b660, 0x0000025894d48f00, 0x0000025894d48870, 0x0000025894d5b5b0,
0x0000025894d5e8e0, 0x0000025894d4a940, 0x0000025894d4afd0, 0x00000258f1ab4d40,
0x00000258f1ab53d0, 0x00000258f1ab6e10, 0x00000258f1ab5a60, 0x00000258f1ab6780,
0x00000258f1aba290, 0x00000258f14ee3d0, 0x00000258f1b08c50, 0x00000258f123f5f0,
0x00000258f1a356a0, 0x00000258f14ed6b0, 0x00000258f14ec300, 0x00000258f14ebc70,
0x00000258f14eb5e0, 0x00000258f21ecd70, 0x00000258f26fa100, 0x00000258f132ce10,
0x00000258f14eaf50, 0x00000258f14edd40, 0x00000258f14ef0f0, 0x00000258f14ef780
}

Java Threads: ( => current thread )
  0x00000258928fb730 JavaThread "main"                              [_thread_blocked, id=20796, stack(0x0000008ec7200000,0x0000008ec7300000) (1024K)]
  0x0000025894d443b0 JavaThread "Reference Handler"          daemon [_thread_blocked, id=688, stack(0x0000008ec7600000,0x0000008ec7700000) (1024K)]
  0x00000258ea1fc240 JavaThread "Finalizer"                  daemon [_thread_blocked, id=6404, stack(0x0000008ec7700000,0x0000008ec7800000) (1024K)]
  0x0000025894d4a2b0 JavaThread "Signal Dispatcher"          daemon [_thread_blocked, id=14896, stack(0x0000008ec7800000,0x0000008ec7900000) (1024K)]
  0x0000025894d4b660 JavaThread "Attach Listener"            daemon [_thread_blocked, id=2180, stack(0x0000008ec7900000,0x0000008ec7a00000) (1024K)]
  0x0000025894d48f00 JavaThread "Service Thread"             daemon [_thread_blocked, id=10048, stack(0x0000008ec7a00000,0x0000008ec7b00000) (1024K)]
  0x0000025894d48870 JavaThread "Monitor Deflation Thread"   daemon [_thread_blocked, id=10176, stack(0x0000008ec7b00000,0x0000008ec7c00000) (1024K)]
  0x0000025894d5b5b0 JavaThread "C2 CompilerThread0"         daemon [_thread_in_native, id=24948, stack(0x0000008ec7c00000,0x0000008ec7d00000) (1024K)]
  0x0000025894d5e8e0 JavaThread "C1 CompilerThread0"         daemon [_thread_blocked, id=22668, stack(0x0000008ec7d00000,0x0000008ec7e00000) (1024K)]
  0x0000025894d4a940 JavaThread "Common-Cleaner"             daemon [_thread_blocked, id=11740, stack(0x0000008ec7f00000,0x0000008ec8000000) (1024K)]
  0x0000025894d4afd0 JavaThread "Notification Thread"        daemon [_thread_blocked, id=10984, stack(0x0000008ec8200000,0x0000008ec8300000) (1024K)]
  0x00000258f1ab4d40 JavaThread "Active Thread: Equinox Container: c1e2d7d9-1fe4-4ee3-8532-4b06f96fe4a8"        [_thread_blocked, id=24824, stack(0x0000008ec8a00000,0x0000008ec8b00000) (1024K)]
  0x00000258f1ab53d0 JavaThread "Framework Event Dispatcher: Equinox Container: c1e2d7d9-1fe4-4ee3-8532-4b06f96fe4a8" daemon [_thread_blocked, id=3520, stack(0x0000008ec7e00000,0x0000008ec7f00000) (1024K)]
  0x00000258f1ab6e10 JavaThread "Start Level: Equinox Container: c1e2d7d9-1fe4-4ee3-8532-4b06f96fe4a8" daemon [_thread_blocked, id=13536, stack(0x0000008ec8000000,0x0000008ec8100000) (1024K)]
  0x00000258f1ab5a60 JavaThread "Refresh Thread: Equinox Container: c1e2d7d9-1fe4-4ee3-8532-4b06f96fe4a8" daemon [_thread_blocked, id=13124, stack(0x0000008ec9300000,0x0000008ec9400000) (1024K)]
  0x00000258f1ab6780 JavaThread "Bundle File Closer"         daemon [_thread_blocked, id=25256, stack(0x0000008ec9100000,0x0000008ec9200000) (1024K)]
  0x00000258f1aba290 JavaThread "SCR Component Actor"        daemon [_thread_blocked, id=4708, stack(0x0000008ec9200000,0x0000008ec9300000) (1024K)]
  0x00000258f14ee3d0 JavaThread "SCR Component Registry"     daemon [_thread_blocked, id=8232, stack(0x0000008ec9400000,0x0000008ec9500000) (1024K)]
  0x00000258f1b08c50 JavaThread "C1 CompilerThread1"         daemon [_thread_blocked, id=13736, stack(0x0000008eca100000,0x0000008eca200000) (1024K)]
  0x00000258f123f5f0 JavaThread "C1 CompilerThread2"         daemon [_thread_blocked, id=23476, stack(0x0000008eca300000,0x0000008eca400000) (1024K)]
  0x00000258f1a356a0 JavaThread "C1 CompilerThread3"         daemon [_thread_blocked, id=15124, stack(0x0000008eca400000,0x0000008eca500000) (1024K)]
  0x00000258f14ed6b0 JavaThread "Worker-JM"                         [_thread_blocked, id=14760, stack(0x0000008eca600000,0x0000008eca700000) (1024K)]
  0x00000258f14ec300 JavaThread "JNA Cleaner"                daemon [_thread_blocked, id=18700, stack(0x0000008eca700000,0x0000008eca800000) (1024K)]
  0x00000258f14ebc70 JavaThread "Worker-0: Initialize After Load"        [_thread_in_Java, id=17748, stack(0x0000008eca200000,0x0000008eca300000) (1024K)]
  0x00000258f14eb5e0 JavaThread "Worker-1: Updating Maven Dependencies"        [_thread_in_vm, id=13208, stack(0x0000008eca800000,0x0000008eca900000) (1024K)]
=>0x00000258f21ecd70 JavaThread "C2 CompilerThread1"         daemon [_thread_in_native, id=11568, stack(0x0000008eca900000,0x0000008ecaa00000) (1024K)]
  0x00000258f26fa100 JavaThread "C2 CompilerThread2"         daemon [_thread_in_native, id=16472, stack(0x0000008ecab00000,0x0000008ecac00000) (1024K)]
  0x00000258f132ce10 JavaThread "C2 CompilerThread3"         daemon [_thread_in_native, id=11296, stack(0x0000008ecac00000,0x0000008ecad00000) (1024K)]
  0x00000258f14eaf50 JavaThread "Java indexing"              daemon [_thread_blocked, id=23048, stack(0x0000008ec8b00000,0x0000008ec8c00000) (1024K)]
  0x00000258f14edd40 JavaThread "Worker-2: Loading available Gradle versions"        [_thread_in_vm, id=22220, stack(0x0000008ec8e00000,0x0000008ec8f00000) (1024K)]
  0x00000258f14ef0f0 JavaThread "Worker-3: Repository registry initialization"        [_thread_blocked, id=2792, stack(0x0000008ec8f00000,0x0000008ec9000000) (1024K)]
  0x00000258f14ef780 JavaThread "Worker-4"                          [_thread_blocked, id=25092, stack(0x0000008ec9000000,0x0000008ec9100000) (1024K)]
Total: 32

Other Threads:
  0x00000258ea1e2d30 VMThread "VM Thread"                           [id=18280, stack(0x0000008ec7500000,0x0000008ec7600000) (1024K)]
  0x0000025894d0a830 WatcherThread "VM Periodic Task Thread"        [id=24552, stack(0x0000008ec7400000,0x0000008ec7500000) (1024K)]
  0x0000025894cbc510 WorkerThread "GC Thread#0"                     [id=2196, stack(0x0000008ec7300000,0x0000008ec7400000) (1024K)]
  0x00000258f152e880 WorkerThread "GC Thread#1"                     [id=24020, stack(0x0000008ec8400000,0x0000008ec8500000) (1024K)]
  0x00000258f152cf20 WorkerThread "GC Thread#2"                     [id=24888, stack(0x0000008ec8500000,0x0000008ec8600000) (1024K)]
  0x00000258f152e4e0 WorkerThread "GC Thread#3"                     [id=3644, stack(0x0000008ec8600000,0x0000008ec8700000) (1024K)]
  0x00000258f152d2c0 WorkerThread "GC Thread#4"                     [id=11000, stack(0x0000008ec8700000,0x0000008ec8800000) (1024K)]
  0x00000258f152da00 WorkerThread "GC Thread#5"                     [id=23636, stack(0x0000008ec8800000,0x0000008ec8900000) (1024K)]
  0x00000258f152dda0 WorkerThread "GC Thread#6"                     [id=21660, stack(0x0000008ec8900000,0x0000008ec8a00000) (1024K)]
  0x00000258f152e140 WorkerThread "GC Thread#7"                     [id=23428, stack(0x0000008ec8100000,0x0000008ec8200000) (1024K)]
  0x00000258f14dfe10 WorkerThread "GC Thread#8"                     [id=16364, stack(0x0000008ec8300000,0x0000008ec8400000) (1024K)]
  0x00000258f14e08f0 WorkerThread "GC Thread#9"                     [id=11516, stack(0x0000008ec9f00000,0x0000008eca000000) (1024K)]
  0x00000258f14e0c90 WorkerThread "GC Thread#10"                    [id=2812, stack(0x0000008eca000000,0x0000008eca100000) (1024K)]
  0x00000258f14de4b0 WorkerThread "GC Thread#11"                    [id=16328, stack(0x0000008eca500000,0x0000008eca600000) (1024K)]
  0x00000258f14de850 WorkerThread "GC Thread#12"                    [id=21828, stack(0x0000008ecaa00000,0x0000008ecab00000) (1024K)]
Total: 15

Threads with active compile tasks:
C2 CompilerThread0  18663 5243       4       org.eclipse.core.internal.watson.ElementTreeIterator::requestPath (100 bytes)
C2 CompilerThread1  18663 4766       4       org.lombokweb.asm.ClassReader::readMethod (1066 bytes)
C2 CompilerThread2  18663 5244       4       org.eclipse.core.runtime.Path::computeSegments (163 bytes)
C2 CompilerThread3  18663 5001       4       java.lang.invoke.MethodType::makeImpl (109 bytes)
Total: 4

VM state: not at safepoint (normal execution)

VM Mutex/Monitor currently owned by a thread:  ([mutex/lock_event])
[0x00007ffecaa8da00] SystemDictionary_lock - owner thread: 0x0000000000000000

Heap address: 0x00000000c0000000, size: 1024 MB, Compressed Oops mode: 32-bit

CDS archive(s) mapped at: [0x00000258a9000000-0x00000258a9ba0000-0x00000258a9ba0000), size 12189696, SharedBaseAddress: 0x00000258a9000000, ArchiveRelocationMode: 1.
Compressed class space mapped at: 0x00000258aa000000-0x00000258ea000000, reserved size: 1073741824
Narrow klass base: 0x00000258a9000000, Narrow klass shift: 0, Narrow klass range: 0x100000000

GC Precious Log:
 CardTable entry size: 512
 CPUs: 16 total, 16 available
 Memory: 16085M
 Large Page Support: Disabled
 NUMA Support: Disabled
 Compressed Oops: Enabled (32-bit)
 Alignments: Space 512K, Generation 512K, Heap 2M
 Heap Min Capacity: 100M
 Heap Initial Capacity: 100M
 Heap Max Capacity: 1G
 Pre-touch: Disabled
 Parallel Workers: 13

Heap:
 PSYoungGen      total 23040K, used 20417K [0x00000000eab00000, 0x00000000ec780000, 0x0000000100000000)
  eden space 22016K, 88% used [0x00000000eab00000,0x00000000ebdf0810,0x00000000ec080000)
  from space 1024K, 99% used [0x00000000ec500000,0x00000000ec5ffca8,0x00000000ec600000)
  to   space 3584K, 0% used [0x00000000ec080000,0x00000000ec080000,0x00000000ec400000)
 ParOldGen       total 68608K, used 19058K [0x00000000c0000000, 0x00000000c4300000, 0x00000000eab00000)
  object space 68608K, 27% used [0x00000000c0000000,0x00000000c129cb08,0x00000000c4300000)
 Metaspace       used 31640K, committed 32704K, reserved 1114112K
  class space    used 3008K, committed 3456K, reserved 1048576K

Card table byte_map: [0x0000025894640000,0x0000025894850000] _byte_map_base: 0x0000025894040000

Marking Bits: (ParMarkBitMap*) 0x00007ffecaa92250
 Begin Bits: [0x00000258a6ff0000, 0x00000258a7ff0000)
 End Bits:   [0x00000258a7ff0000, 0x00000258a8ff0000)

Polling page: 0x0000025892b60000

Metaspace:

Usage:
  Non-class:     27.96 MB used.
      Class:      2.94 MB used.
       Both:     30.90 MB used.

Virtual space:
  Non-class space:       64.00 MB reserved,      28.56 MB ( 45%) committed,  1 nodes.
      Class space:        1.00 GB reserved,       3.38 MB ( <1%) committed,  1 nodes.
             Both:        1.06 GB reserved,      31.94 MB (  3%) committed. 

Chunk freelists:
   Non-Class:  2.81 MB
       Class:  12.66 MB
        Both:  15.47 MB

MaxMetaspaceSize: unlimited
CompressedClassSpaceSize: 1.00 GB
Initial GC threshold: 21.00 MB
Current GC threshold: 35.00 MB
CDS: on
 - commit_granule_bytes: 65536.
 - commit_granule_words: 8192.
 - virtual_space_node_default_size: 8388608.
 - enlarge_chunks_in_place: 1.
 - use_allocation_guard: 0.


Internal statistics:

num_allocs_failed_limit: 3.
num_arena_births: 678.
num_arena_deaths: 14.
num_vsnodes_births: 2.
num_vsnodes_deaths: 0.
num_space_committed: 511.
num_space_uncommitted: 0.
num_chunks_returned_to_freelist: 17.
num_chunks_taken_from_freelist: 1963.
num_chunk_merges: 8.
num_chunk_splits: 1265.
num_chunks_enlarged: 787.
num_inconsistent_stats: 0.

CodeHeap 'non-profiled nmethods': size=119168Kb used=2546Kb max_used=2546Kb free=116621Kb
 bounds [0x000002589fb90000, 0x000002589fe10000, 0x00000258a6ff0000]
CodeHeap 'profiled nmethods': size=119104Kb used=11448Kb max_used=11448Kb free=107655Kb
 bounds [0x0000025897ff0000, 0x0000025898b20000, 0x000002589f440000]
CodeHeap 'non-nmethods': size=7488Kb used=3041Kb max_used=3067Kb free=4447Kb
 bounds [0x000002589f440000, 0x000002589f750000, 0x000002589fb90000]
 total_blobs=5874 nmethods=5238 adapters=539
 compilation: enabled
              stopped_count=0, restarted_count=0
 full_count=0

Compilation events (20 events):
Event: 18.612 Thread 0x00000258f1b08c50 5238       3       org.eclipse.core.internal.resources.ResourceProxy::getType (8 bytes)
Event: 18.612 Thread 0x00000258f1a356a0 5239       3       org.eclipse.core.internal.resources.ResourceProxy::reset (11 bytes)
Event: 18.612 Thread 0x00000258f1a356a0 nmethod 5239 0x0000025898b19810 code [0x0000025898b199a0, 0x0000025898b19ad8]
Event: 18.612 Thread 0x00000258f1b08c50 nmethod 5238 0x0000025898b19b90 code [0x0000025898b19d40, 0x0000025898b19ff0]
Event: 18.612 Thread 0x00000258f1a356a0 5234       3       org.eclipse.core.internal.resources.ResourceProxy::requestFullPath (25 bytes)
Event: 18.613 Thread 0x00000258f1b08c50 5241       3       org.eclipse.core.runtime.Path::<init> (77 bytes)
Event: 18.613 Thread 0x00000258f1a356a0 nmethod 5234 0x0000025898b1a110 code [0x0000025898b1a2c0, 0x0000025898b1a4f0]
Event: 18.613 Thread 0x00000258f123f5f0 nmethod 5236 0x0000025898b1a610 code [0x0000025898b1a880, 0x0000025898b1b438]
Event: 18.614 Thread 0x00000258f1a356a0 5242       3       org.eclipse.core.runtime.Path::<init> (16 bytes)
Event: 18.614 Thread 0x0000025894d5b5b0 nmethod 5196 0x000002589fe0b210 code [0x000002589fe0b3c0, 0x000002589fe0b580]
Event: 18.614 Thread 0x0000025894d5e8e0 nmethod 5237 0x0000025898b1bb10 code [0x0000025898b1bde0, 0x0000025898b1cc98]
Event: 18.614 Thread 0x00000258f1b08c50 nmethod 5241 0x0000025898b1d210 code [0x0000025898b1d440, 0x0000025898b1d9c8]
Event: 18.614 Thread 0x00000258f123f5f0 5232       1       org.eclipse.core.internal.dtree.AbstractDataTreeNode::getChildren (5 bytes)
Event: 18.614 Thread 0x00000258f1a356a0 nmethod 5242 0x0000025898b1dc90 code [0x0000025898b1de60, 0x0000025898b1e078]
Event: 18.615 Thread 0x00000258f123f5f0 nmethod 5232 0x000002589fe0b790 code [0x000002589fe0b920, 0x000002589fe0b9e8]
Event: 18.615 Thread 0x0000025894d5b5b0 5243       4       org.eclipse.core.internal.watson.ElementTreeIterator::requestPath (100 bytes)
Event: 18.618 Thread 0x00000258f26fa100 nmethod 5191 0x000002589fe0ba90 code [0x000002589fe0bcc0, 0x000002589fe0c118]
Event: 18.618 Thread 0x00000258f26fa100 5244       4       org.eclipse.core.runtime.Path::computeSegments (163 bytes)
Event: 18.622 Thread 0x00000258f123f5f0 5247       1       ch.qos.logback.classic.Logger::getName (5 bytes)
Event: 18.622 Thread 0x00000258f123f5f0 nmethod 5247 0x000002589fe0c590 code [0x000002589fe0c720, 0x000002589fe0c7e8]

GC Heap History (20 events):
Event: 11.820 GC heap before
{Heap before GC invocations=4 (full 0):
 PSYoungGen      total 29696K, used 29676K [0x00000000eab00000, 0x00000000ecc00000, 0x0000000100000000)
  eden space 25600K, 100% used [0x00000000eab00000,0x00000000ec400000,0x00000000ec400000)
  from space 4096K, 99% used [0x00000000ec400000,0x00000000ec7fb358,0x00000000ec800000)
  to   space 4096K, 0% used [0x00000000ec800000,0x00000000ec800000,0x00000000ecc00000)
 ParOldGen       total 68608K, used 5396K [0x00000000c0000000, 0x00000000c4300000, 0x00000000eab00000)
  object space 68608K, 7% used [0x00000000c0000000,0x00000000c0545308,0x00000000c4300000)
 Metaspace       used 9907K, committed 10304K, reserved 1114112K
  class space    used 967K, committed 1152K, reserved 1048576K
}
Event: 11.827 GC heap after
{Heap after GC invocations=4 (full 0):
 PSYoungGen      total 29696K, used 4093K [0x00000000eab00000, 0x00000000ecc00000, 0x0000000100000000)
  eden space 25600K, 0% used [0x00000000eab00000,0x00000000eab00000,0x00000000ec400000)
  from space 4096K, 99% used [0x00000000ec800000,0x00000000ecbff470,0x00000000ecc00000)
  to   space 4096K, 0% used [0x00000000ec400000,0x00000000ec400000,0x00000000ec800000)
 ParOldGen       total 68608K, used 9853K [0x00000000c0000000, 0x00000000c4300000, 0x00000000eab00000)
  object space 68608K, 14% used [0x00000000c0000000,0x00000000c099f760,0x00000000c4300000)
 Metaspace       used 9907K, committed 10304K, reserved 1114112K
  class space    used 967K, committed 1152K, reserved 1048576K
}
Event: 15.978 GC heap before
{Heap before GC invocations=5 (full 0):
 PSYoungGen      total 29696K, used 29612K [0x00000000eab00000, 0x00000000ecc00000, 0x0000000100000000)
  eden space 25600K, 99% used [0x00000000eab00000,0x00000000ec3ebd60,0x00000000ec400000)
  from space 4096K, 99% used [0x00000000ec800000,0x00000000ecbff470,0x00000000ecc00000)
  to   space 4096K, 0% used [0x00000000ec400000,0x00000000ec400000,0x00000000ec800000)
 ParOldGen       total 68608K, used 9853K [0x00000000c0000000, 0x00000000c4300000, 0x00000000eab00000)
  object space 68608K, 14% used [0x00000000c0000000,0x00000000c099f760,0x00000000c4300000)
 Metaspace       used 12814K, committed 13248K, reserved 1114112K
  class space    used 1251K, committed 1472K, reserved 1048576K
}
Event: 15.984 GC heap after
{Heap after GC invocations=5 (full 0):
 PSYoungGen      total 29184K, used 4090K [0x00000000eab00000, 0x00000000ed080000, 0x0000000100000000)
  eden space 25088K, 0% used [0x00000000eab00000,0x00000000eab00000,0x00000000ec380000)
  from space 4096K, 99% used [0x00000000ec400000,0x00000000ec7fe828,0x00000000ec800000)
  to   space 6656K, 0% used [0x00000000eca00000,0x00000000eca00000,0x00000000ed080000)
 ParOldGen       total 68608K, used 10605K [0x00000000c0000000, 0x00000000c4300000, 0x00000000eab00000)
  object space 68608K, 15% used [0x00000000c0000000,0x00000000c0a5b770,0x00000000c4300000)
 Metaspace       used 12814K, committed 13248K, reserved 1114112K
  class space    used 1251K, committed 1472K, reserved 1048576K
}
Event: 16.445 GC heap before
{Heap before GC invocations=6 (full 0):
 PSYoungGen      total 29184K, used 29178K [0x00000000eab00000, 0x00000000ed080000, 0x0000000100000000)
  eden space 25088K, 100% used [0x00000000eab00000,0x00000000ec380000,0x00000000ec380000)
  from space 4096K, 99% used [0x00000000ec400000,0x00000000ec7fe828,0x00000000ec800000)
  to   space 6656K, 0% used [0x00000000eca00000,0x00000000eca00000,0x00000000ed080000)
 ParOldGen       total 68608K, used 10605K [0x00000000c0000000, 0x00000000c4300000, 0x00000000eab00000)
  object space 68608K, 15% used [0x00000000c0000000,0x00000000c0a5b770,0x00000000c4300000)
 Metaspace       used 15986K, committed 16576K, reserved 1114112K
  class space    used 1545K, committed 1792K, reserved 1048576K
}
Event: 16.449 GC heap after
{Heap after GC invocations=6 (full 0):
 PSYoungGen      total 29696K, used 6626K [0x00000000eab00000, 0x00000000ed400000, 0x0000000100000000)
  eden space 23040K, 0% used [0x00000000eab00000,0x00000000eab00000,0x00000000ec180000)
  from space 6656K, 99% used [0x00000000eca00000,0x00000000ed078b90,0x00000000ed080000)
  to   space 8704K, 0% used [0x00000000ec180000,0x00000000ec180000,0x00000000eca00000)
 ParOldGen       total 68608K, used 11749K [0x00000000c0000000, 0x00000000c4300000, 0x00000000eab00000)
  object space 68608K, 17% used [0x00000000c0000000,0x00000000c0b79770,0x00000000c4300000)
 Metaspace       used 15986K, committed 16576K, reserved 1114112K
  class space    used 1545K, committed 1792K, reserved 1048576K
}
Event: 17.189 GC heap before
{Heap before GC invocations=7 (full 0):
 PSYoungGen      total 29696K, used 29666K [0x00000000eab00000, 0x00000000ed400000, 0x0000000100000000)
  eden space 23040K, 100% used [0x00000000eab00000,0x00000000ec180000,0x00000000ec180000)
  from space 6656K, 99% used [0x00000000eca00000,0x00000000ed078b90,0x00000000ed080000)
  to   space 8704K, 0% used [0x00000000ec180000,0x00000000ec180000,0x00000000eca00000)
 ParOldGen       total 68608K, used 11749K [0x00000000c0000000, 0x00000000c4300000, 0x00000000eab00000)
  object space 68608K, 17% used [0x00000000c0000000,0x00000000c0b79770,0x00000000c4300000)
 Metaspace       used 18875K, committed 19584K, reserved 1114112K
  class space    used 1845K, committed 2176K, reserved 1048576K
}
Event: 17.195 GC heap after
{Heap after GC invocations=7 (full 0):
 PSYoungGen      total 29696K, used 7011K [0x00000000eab00000, 0x00000000ed000000, 0x0000000100000000)
  eden space 22528K, 0% used [0x00000000eab00000,0x00000000eab00000,0x00000000ec100000)
  from space 7168K, 97% used [0x00000000ec180000,0x00000000ec858fc8,0x00000000ec880000)
  to   space 7680K, 0% used [0x00000000ec880000,0x00000000ec880000,0x00000000ed000000)
 ParOldGen       total 68608K, used 12948K [0x00000000c0000000, 0x00000000c4300000, 0x00000000eab00000)
  object space 68608K, 18% used [0x00000000c0000000,0x00000000c0ca5140,0x00000000c4300000)
 Metaspace       used 18875K, committed 19584K, reserved 1114112K
  class space    used 1845K, committed 2176K, reserved 1048576K
}
Event: 17.510 GC heap before
{Heap before GC invocations=8 (full 0):
 PSYoungGen      total 29696K, used 26148K [0x00000000eab00000, 0x00000000ed000000, 0x0000000100000000)
  eden space 22528K, 84% used [0x00000000eab00000,0x00000000ebdb0038,0x00000000ec100000)
  from space 7168K, 97% used [0x00000000ec180000,0x00000000ec858fc8,0x00000000ec880000)
  to   space 7680K, 0% used [0x00000000ec880000,0x00000000ec880000,0x00000000ed000000)
 ParOldGen       total 68608K, used 12948K [0x00000000c0000000, 0x00000000c4300000, 0x00000000eab00000)
  object space 68608K, 18% used [0x00000000c0000000,0x00000000c0ca5140,0x00000000c4300000)
 Metaspace       used 20792K, committed 21504K, reserved 1114112K
  class space    used 2062K, committed 2368K, reserved 1048576K
}
Event: 17.512 GC heap after
{Heap after GC invocations=8 (full 0):
 PSYoungGen      total 29696K, used 6876K [0x00000000eab00000, 0x00000000ecf80000, 0x0000000100000000)
  eden space 22528K, 0% used [0x00000000eab00000,0x00000000eab00000,0x00000000ec100000)
  from space 7168K, 95% used [0x00000000ec880000,0x00000000ecf372c0,0x00000000ecf80000)
  to   space 7168K, 0% used [0x00000000ec180000,0x00000000ec180000,0x00000000ec880000)
 ParOldGen       total 68608K, used 13651K [0x00000000c0000000, 0x00000000c4300000, 0x00000000eab00000)
  object space 68608K, 19% used [0x00000000c0000000,0x00000000c0d54cd0,0x00000000c4300000)
 Metaspace       used 20792K, committed 21504K, reserved 1114112K
  class space    used 2062K, committed 2368K, reserved 1048576K
}
Event: 17.512 GC heap before
{Heap before GC invocations=9 (full 1):
 PSYoungGen      total 29696K, used 6876K [0x00000000eab00000, 0x00000000ecf80000, 0x0000000100000000)
  eden space 22528K, 0% used [0x00000000eab00000,0x00000000eab00000,0x00000000ec100000)
  from space 7168K, 95% used [0x00000000ec880000,0x00000000ecf372c0,0x00000000ecf80000)
  to   space 7168K, 0% used [0x00000000ec180000,0x00000000ec180000,0x00000000ec880000)
 ParOldGen       total 68608K, used 13651K [0x00000000c0000000, 0x00000000c4300000, 0x00000000eab00000)
  object space 68608K, 19% used [0x00000000c0000000,0x00000000c0d54cd0,0x00000000c4300000)
 Metaspace       used 20792K, committed 21504K, reserved 1114112K
  class space    used 2062K, committed 2368K, reserved 1048576K
}
Event: 17.554 GC heap after
{Heap after GC invocations=9 (full 1):
 PSYoungGen      total 29696K, used 0K [0x00000000eab00000, 0x00000000ecf80000, 0x0000000100000000)
  eden space 22528K, 0% used [0x00000000eab00000,0x00000000eab00000,0x00000000ec100000)
  from space 7168K, 0% used [0x00000000ec880000,0x00000000ec880000,0x00000000ecf80000)
  to   space 7168K, 0% used [0x00000000ec180000,0x00000000ec180000,0x00000000ec880000)
 ParOldGen       total 68608K, used 15434K [0x00000000c0000000, 0x00000000c4300000, 0x00000000eab00000)
  object space 68608K, 22% used [0x00000000c0000000,0x00000000c0f12908,0x00000000c4300000)
 Metaspace       used 20779K, committed 21504K, reserved 1114112K
  class space    used 2058K, committed 2368K, reserved 1048576K
}
Event: 17.727 GC heap before
{Heap before GC invocations=10 (full 1):
 PSYoungGen      total 29696K, used 22249K [0x00000000eab00000, 0x00000000ecf80000, 0x0000000100000000)
  eden space 22528K, 98% used [0x00000000eab00000,0x00000000ec0ba5d8,0x00000000ec100000)
  from space 7168K, 0% used [0x00000000ec880000,0x00000000ec880000,0x00000000ecf80000)
  to   space 7168K, 0% used [0x00000000ec180000,0x00000000ec180000,0x00000000ec880000)
 ParOldGen       total 68608K, used 15434K [0x00000000c0000000, 0x00000000c4300000, 0x00000000eab00000)
  object space 68608K, 22% used [0x00000000c0000000,0x00000000c0f12908,0x00000000c4300000)
 Metaspace       used 22798K, committed 23616K, reserved 1114112K
  class space    used 2217K, committed 2560K, reserved 1048576K
}
Event: 17.729 GC heap after
{Heap after GC invocations=10 (full 1):
 PSYoungGen      total 23040K, used 969K [0x00000000eab00000, 0x00000000ec900000, 0x0000000100000000)
  eden space 22016K, 0% used [0x00000000eab00000,0x00000000eab00000,0x00000000ec080000)
  from space 1024K, 94% used [0x00000000ec180000,0x00000000ec272450,0x00000000ec280000)
  to   space 3584K, 0% used [0x00000000ec580000,0x00000000ec580000,0x00000000ec900000)
 ParOldGen       total 68608K, used 15442K [0x00000000c0000000, 0x00000000c4300000, 0x00000000eab00000)
  object space 68608K, 22% used [0x00000000c0000000,0x00000000c0f14908,0x00000000c4300000)
 Metaspace       used 22798K, committed 23616K, reserved 1114112K
  class space    used 2217K, committed 2560K, reserved 1048576K
}
Event: 17.961 GC heap before
{Heap before GC invocations=11 (full 1):
 PSYoungGen      total 23040K, used 22985K [0x00000000eab00000, 0x00000000ec900000, 0x0000000100000000)
  eden space 22016K, 100% used [0x00000000eab00000,0x00000000ec080000,0x00000000ec080000)
  from space 1024K, 94% used [0x00000000ec180000,0x00000000ec272450,0x00000000ec280000)
  to   space 3584K, 0% used [0x00000000ec580000,0x00000000ec580000,0x00000000ec900000)
 ParOldGen       total 68608K, used 15442K [0x00000000c0000000, 0x00000000c4300000, 0x00000000eab00000)
  object space 68608K, 22% used [0x00000000c0000000,0x00000000c0f14908,0x00000000c4300000)
 Metaspace       used 26231K, committed 27072K, reserved 1114112K
  class space    used 2468K, committed 2816K, reserved 1048576K
}
Event: 17.962 GC heap after
{Heap after GC invocations=11 (full 1):
 PSYoungGen      total 23040K, used 833K [0x00000000eab00000, 0x00000000ec680000, 0x0000000100000000)
  eden space 22016K, 0% used [0x00000000eab00000,0x00000000eab00000,0x00000000ec080000)
  from space 1024K, 81% used [0x00000000ec580000,0x00000000ec650780,0x00000000ec680000)
  to   space 1536K, 0% used [0x00000000ec380000,0x00000000ec380000,0x00000000ec500000)
 ParOldGen       total 68608K, used 15450K [0x00000000c0000000, 0x00000000c4300000, 0x00000000eab00000)
  object space 68608K, 22% used [0x00000000c0000000,0x00000000c0f16908,0x00000000c4300000)
 Metaspace       used 26231K, committed 27072K, reserved 1114112K
  class space    used 2468K, committed 2816K, reserved 1048576K
}
Event: 18.185 GC heap before
{Heap before GC invocations=12 (full 1):
 PSYoungGen      total 23040K, used 22849K [0x00000000eab00000, 0x00000000ec680000, 0x0000000100000000)
  eden space 22016K, 100% used [0x00000000eab00000,0x00000000ec080000,0x00000000ec080000)
  from space 1024K, 81% used [0x00000000ec580000,0x00000000ec650780,0x00000000ec680000)
  to   space 1536K, 0% used [0x00000000ec380000,0x00000000ec380000,0x00000000ec500000)
 ParOldGen       total 68608K, used 15450K [0x00000000c0000000, 0x00000000c4300000, 0x00000000eab00000)
  object space 68608K, 22% used [0x00000000c0000000,0x00000000c0f16908,0x00000000c4300000)
 Metaspace       used 27640K, committed 28480K, reserved 1114112K
  class space    used 2562K, committed 2880K, reserved 1048576K
}
Event: 18.187 GC heap after
{Heap after GC invocations=12 (full 1):
 PSYoungGen      total 23552K, used 1499K [0x00000000eab00000, 0x00000000ec600000, 0x0000000100000000)
  eden space 22016K, 0% used [0x00000000eab00000,0x00000000eab00000,0x00000000ec080000)
  from space 1536K, 97% used [0x00000000ec380000,0x00000000ec4f6da0,0x00000000ec500000)
  to   space 1024K, 0% used [0x00000000ec500000,0x00000000ec500000,0x00000000ec600000)
 ParOldGen       total 68608K, used 16858K [0x00000000c0000000, 0x00000000c4300000, 0x00000000eab00000)
  object space 68608K, 24% used [0x00000000c0000000,0x00000000c1076998,0x00000000c4300000)
 Metaspace       used 27640K, committed 28480K, reserved 1114112K
  class space    used 2562K, committed 2880K, reserved 1048576K
}
Event: 18.597 GC heap before
{Heap before GC invocations=13 (full 1):
 PSYoungGen      total 23552K, used 23515K [0x00000000eab00000, 0x00000000ec600000, 0x0000000100000000)
  eden space 22016K, 100% used [0x00000000eab00000,0x00000000ec080000,0x00000000ec080000)
  from space 1536K, 97% used [0x00000000ec380000,0x00000000ec4f6da0,0x00000000ec500000)
  to   space 1024K, 0% used [0x00000000ec500000,0x00000000ec500000,0x00000000ec600000)
 ParOldGen       total 68608K, used 16858K [0x00000000c0000000, 0x00000000c4300000, 0x00000000eab00000)
  object space 68608K, 24% used [0x00000000c0000000,0x00000000c1076998,0x00000000c4300000)
 Metaspace       used 30984K, committed 32000K, reserved 1114112K
  class space    used 2920K, committed 3328K, reserved 1048576K
}
Event: 18.600 GC heap after
{Heap after GC invocations=13 (full 1):
 PSYoungGen      total 23040K, used 1023K [0x00000000eab00000, 0x00000000ec780000, 0x0000000100000000)
  eden space 22016K, 0% used [0x00000000eab00000,0x00000000eab00000,0x00000000ec080000)
  from space 1024K, 99% used [0x00000000ec500000,0x00000000ec5ffca8,0x00000000ec600000)
  to   space 3584K, 0% used [0x00000000ec080000,0x00000000ec080000,0x00000000ec400000)
 ParOldGen       total 68608K, used 19058K [0x00000000c0000000, 0x00000000c4300000, 0x00000000eab00000)
  object space 68608K, 27% used [0x00000000c0000000,0x00000000c129cb08,0x00000000c4300000)
 Metaspace       used 30984K, committed 32000K, reserved 1114112K
  class space    used 2920K, committed 3328K, reserved 1048576K
}

Dll operation events (10 events):
Event: 0.015 Loaded shared library c:\Users\WWW\.cursor\extensions\redhat.java-1.39.0-win32-x64\jre\21.0.5-win32-x86_64\bin\java.dll
Event: 0.125 Loaded shared library c:\Users\WWW\.cursor\extensions\redhat.java-1.39.0-win32-x64\jre\21.0.5-win32-x86_64\bin\zip.dll
Event: 0.159 Loaded shared library C:\Users\WWW\.cursor\extensions\redhat.java-1.39.0-win32-x64\jre\21.0.5-win32-x86_64\bin\instrument.dll
Event: 0.166 Loaded shared library C:\Users\WWW\.cursor\extensions\redhat.java-1.39.0-win32-x64\jre\21.0.5-win32-x86_64\bin\net.dll
Event: 0.168 Loaded shared library C:\Users\WWW\.cursor\extensions\redhat.java-1.39.0-win32-x64\jre\21.0.5-win32-x86_64\bin\nio.dll
Event: 0.173 Loaded shared library C:\Users\WWW\.cursor\extensions\redhat.java-1.39.0-win32-x64\jre\21.0.5-win32-x86_64\bin\zip.dll
Event: 0.196 Loaded shared library C:\Users\WWW\.cursor\extensions\redhat.java-1.39.0-win32-x64\jre\21.0.5-win32-x86_64\bin\jimage.dll
Event: 0.299 Loaded shared library c:\Users\WWW\.cursor\extensions\redhat.java-1.39.0-win32-x64\jre\21.0.5-win32-x86_64\bin\verify.dll
Event: 7.907 Loaded shared library C:\Users\WWW\AppData\Roaming\Cursor\User\globalStorage\redhat.java\1.39.0\config_win\org.eclipse.equinox.launcher\org.eclipse.equinox.launcher.win32.win32.x86_64_1.2.1100.v20240722-2106\eclipse_11904.dll
Event: 16.759 Loaded shared library C:\Users\WWW\AppData\Local\Temp\jna-86391\jna6469055396216242651.dll

Deoptimization events (20 events):
Event: 18.567 Thread 0x00000258f14eb5e0 Uncommon trap: trap_request=0xffffffde fr.pc=0x000002589fdb0338 relative=0x00000000000000f8
Event: 18.567 Thread 0x00000258f14eb5e0 Uncommon trap: reason=class_check action=maybe_recompile pc=0x000002589fdb0338 method=java.lang.Character.codePointAt(Ljava/lang/CharSequence;I)I @ 2 c2
Event: 18.567 Thread 0x00000258f14eb5e0 DEOPT PACKING pc=0x000002589fdb0338 sp=0x0000008eca8fe900
Event: 18.567 Thread 0x00000258f14eb5e0 DEOPT UNPACKING pc=0x000002589f496da2 sp=0x0000008eca8fe888 mode 2
Event: 18.567 Thread 0x00000258f14eb5e0 Uncommon trap: trap_request=0xffffffde fr.pc=0x000002589fdb0338 relative=0x00000000000000f8
Event: 18.567 Thread 0x00000258f14eb5e0 Uncommon trap: reason=class_check action=maybe_recompile pc=0x000002589fdb0338 method=java.lang.Character.codePointAt(Ljava/lang/CharSequence;I)I @ 2 c2
Event: 18.567 Thread 0x00000258f14eb5e0 DEOPT PACKING pc=0x000002589fdb0338 sp=0x0000008eca8fe900
Event: 18.567 Thread 0x00000258f14eb5e0 DEOPT UNPACKING pc=0x000002589f496da2 sp=0x0000008eca8fe888 mode 2
Event: 18.567 Thread 0x00000258f14eb5e0 Uncommon trap: trap_request=0xffffff76 fr.pc=0x000002589fd87404 relative=0x0000000000000384
Event: 18.567 Thread 0x00000258f14eb5e0 Uncommon trap: reason=predicate action=maybe_recompile pc=0x000002589fd87404 method=java.util.regex.Pattern$BmpCharPropertyGreedy.match(Ljava/util/regex/Matcher;ILjava/lang/CharSequence;)Z @ 12 c2
Event: 18.567 Thread 0x00000258f14eb5e0 DEOPT PACKING pc=0x000002589fd87404 sp=0x0000008eca8fe840
Event: 18.567 Thread 0x00000258f14eb5e0 DEOPT UNPACKING pc=0x000002589f496da2 sp=0x0000008eca8fe7e8 mode 2
Event: 18.579 Thread 0x00000258f14ef0f0 Uncommon trap: trap_request=0xffffff45 fr.pc=0x000002589fc37728 relative=0x0000000000000108
Event: 18.579 Thread 0x00000258f14ef0f0 Uncommon trap: reason=unstable_if action=reinterpret pc=0x000002589fc37728 method=jdk.internal.org.objectweb.asm.ByteVector.putShort(I)Ljdk/internal/org/objectweb/asm/ByteVector; @ 13 c2
Event: 18.579 Thread 0x00000258f14ef0f0 DEOPT PACKING pc=0x000002589fc37728 sp=0x0000008ec8ffd0d0
Event: 18.579 Thread 0x00000258f14ef0f0 DEOPT UNPACKING pc=0x000002589f496da2 sp=0x0000008ec8ffd068 mode 2
Event: 18.606 Thread 0x00000258928fb730 Uncommon trap: trap_request=0xffffff45 fr.pc=0x000002589fdddde4 relative=0x0000000000001ba4
Event: 18.606 Thread 0x00000258928fb730 Uncommon trap: reason=unstable_if action=reinterpret pc=0x000002589fdddde4 method=java.util.Properties.loadConvert([CIILjava/lang/StringBuilder;)Ljava/lang/String; @ 477 c2
Event: 18.606 Thread 0x00000258928fb730 DEOPT PACKING pc=0x000002589fdddde4 sp=0x0000008ec72f9aa0
Event: 18.606 Thread 0x00000258928fb730 DEOPT UNPACKING pc=0x000002589f496da2 sp=0x0000008ec72f9aa0 mode 2

Classes loaded (20 events):
Event: 18.533 Loading class java/lang/invoke/MethodHandleImpl$Makers$3
Event: 18.533 Loading class java/lang/invoke/MethodHandleImpl$Makers$3 done
Event: 18.537 Loading class java/lang/runtime/ObjectMethods$1
Event: 18.537 Loading class java/lang/runtime/ObjectMethods$1 done
Event: 18.557 Loading class java/util/concurrent/Executors$DefaultThreadFactory
Event: 18.557 Loading class java/util/concurrent/Executors$DefaultThreadFactory done
Event: 18.566 Loading class javax/xml/parsers/FactoryConfigurationError
Event: 18.566 Loading class javax/xml/parsers/FactoryConfigurationError done
Event: 18.567 Loading class java/io/FileReader
Event: 18.567 Loading class java/io/FileReader done
Event: 18.577 Loading class java/lang/invoke/MethodHandleImpl$CountingWrapper
Event: 18.577 Loading class java/lang/invoke/MethodHandleImpl$CountingWrapper done
Event: 18.596 Loading class java/io/UncheckedIOException
Event: 18.597 Loading class java/io/UncheckedIOException done
Event: 18.625 Loading class java/util/concurrent/atomic/AtomicReferenceFieldUpdater
Event: 18.626 Loading class java/util/concurrent/atomic/AtomicReferenceFieldUpdater done
Event: 18.626 Loading class java/util/concurrent/atomic/AtomicReferenceFieldUpdater$AtomicReferenceFieldUpdaterImpl
Event: 18.627 Loading class java/util/concurrent/atomic/AtomicReferenceFieldUpdater$AtomicReferenceFieldUpdaterImpl done
Event: 18.627 Loading class java/util/concurrent/atomic/AtomicReferenceFieldUpdater$AtomicReferenceFieldUpdaterImpl$1
Event: 18.627 Loading class java/util/concurrent/atomic/AtomicReferenceFieldUpdater$AtomicReferenceFieldUpdaterImpl$1 done

Classes unloaded (7 events):
Event: 17.520 Thread 0x00000258ea1e2d30 Unloading class 0x00000258aa1a3400 'java/lang/invoke/LambdaForm$MH+0x00000258aa1a3400'
Event: 17.520 Thread 0x00000258ea1e2d30 Unloading class 0x00000258aa1a3000 'java/lang/invoke/LambdaForm$MH+0x00000258aa1a3000'
Event: 17.520 Thread 0x00000258ea1e2d30 Unloading class 0x00000258aa1a2c00 'java/lang/invoke/LambdaForm$MH+0x00000258aa1a2c00'
Event: 17.520 Thread 0x00000258ea1e2d30 Unloading class 0x00000258aa1a2800 'java/lang/invoke/LambdaForm$MH+0x00000258aa1a2800'
Event: 17.520 Thread 0x00000258ea1e2d30 Unloading class 0x00000258aa1a2400 'java/lang/invoke/LambdaForm$BMH+0x00000258aa1a2400'
Event: 17.520 Thread 0x00000258ea1e2d30 Unloading class 0x00000258aa1a2000 'java/lang/invoke/LambdaForm$DMH+0x00000258aa1a2000'
Event: 17.520 Thread 0x00000258ea1e2d30 Unloading class 0x00000258aa1a0c00 'java/lang/invoke/LambdaForm$DMH+0x00000258aa1a0c00'

Classes redefined (0 events):
No events

Internal exceptions (20 events):
Event: 18.515 Thread 0x00000258f1ab6e10 Exception <a 'java/io/FileNotFoundException'{0x00000000eb662250}> (0x00000000eb662250) 
thrown [s\src\hotspot\share\prims\jni.cpp, line 520]
Event: 18.516 Thread 0x00000258f14eb5e0 Exception <a 'java/lang/NoSuchMethodError'{0x00000000eacbf8a8}: 'void java.lang.invoke.DirectMethodHandle$Holder.invokeStatic(java.lang.Object, java.lang.Object, java.lang.Object, java.lang.Object)'> (0x00000000eacbf8a8) 
thrown [s\src\hotspot\share\interpreter\linkResolver.cpp, line 773]
Event: 18.524 Thread 0x00000258f1ab6e10 Exception <a 'java/io/FileNotFoundException'{0x00000000eb6f59d0}> (0x00000000eb6f59d0) 
thrown [s\src\hotspot\share\prims\jni.cpp, line 520]
Event: 18.529 Thread 0x00000258f1ab6e10 Exception <a 'java/lang/UnsatisfiedLinkError'{0x00000000eb796998}: The specified procedure could not be found.
> (0x00000000eb796998) 
thrown [s\src\hotspot\share\prims\jni.cpp, line 539]
Event: 18.531 Thread 0x00000258f14eb5e0 Exception <a 'java/lang/NoSuchMethodError'{0x00000000eb83b558}: 'java.lang.Object java.lang.invoke.DirectMethodHandle$Holder.invokeStaticInit(java.lang.Object, java.lang.Object, java.lang.Object, java.lang.Object, java.lang.Object, java.lang.Object, java.lang.Object)'> (0x00000000eb83b558) 
thrown [s\src\hotspot\share\interpreter\linkResolver.cpp, line 773]
Event: 18.532 Thread 0x00000258f14eb5e0 Exception <a 'java/lang/NoSuchMethodError'{0x00000000eb840a40}: 'java.lang.Object java.lang.invoke.Invokers$Holder.invoke_MT(java.lang.Object, java.lang.Object, java.lang.Object, java.lang.Object, java.lang.Object, java.lang.Object, java.lang.Object, java.lang.Object, java.lang.Object)'> (0x00000000eb840a40) 
thrown [s\src\hotspot\share\interpreter\linkResolver.cpp, line 773]
Event: 18.537 Thread 0x00000258f14eb5e0 Exception <a 'java/lang/NoSuchMethodError'{0x00000000eb887ea8}: 'int java.lang.invoke.DirectMethodHandle$Holder.invokeVirtual(java.lang.Object, java.lang.Object, java.lang.Object)'> (0x00000000eb887ea8) 
thrown [s\src\hotspot\share\interpreter\linkResolver.cpp, line 773]
Event: 18.538 Thread 0x00000258f14eb5e0 Exception <a 'java/lang/NoSuchMethodError'{0x00000000eb88c630}: 'int java.lang.invoke.DirectMethodHandle$Holder.invokeStaticInit(java.lang.Object, int, int)'> (0x00000000eb88c630) 
thrown [s\src\hotspot\share\interpreter\linkResolver.cpp, line 773]
Event: 18.538 Thread 0x00000258f14eb5e0 Exception <a 'java/lang/NoSuchMethodError'{0x00000000eb8afbe0}: 'int java.lang.invoke.DirectMethodHandle$Holder.invokeStaticInit(java.lang.Object, long, long)'> (0x00000000eb8afbe0) 
thrown [s\src\hotspot\share\interpreter\linkResolver.cpp, line 773]
Event: 18.539 Thread 0x00000258f14eb5e0 Exception <a 'java/lang/NoSuchMethodError'{0x00000000eb8bfda0}: 'int java.lang.invoke.DirectMethodHandle$Holder.invokeStaticInit(java.lang.Object, float, float)'> (0x00000000eb8bfda0) 
thrown [s\src\hotspot\share\interpreter\linkResolver.cpp, line 773]
Event: 18.540 Thread 0x00000258f14eb5e0 Exception <a 'java/lang/NoSuchMethodError'{0x00000000eb8d3078}: 'int java.lang.invoke.DirectMethodHandle$Holder.invokeStaticInit(java.lang.Object, double, double)'> (0x00000000eb8d3078) 
thrown [s\src\hotspot\share\interpreter\linkResolver.cpp, line 773]
Event: 18.540 Thread 0x00000258f14eb5e0 Exception <a 'java/lang/NoSuchMethodError'{0x00000000eb8db068}: 'int java.lang.invoke.DirectMethodHandle$Holder.invokeStatic(java.lang.Object, long)'> (0x00000000eb8db068) 
thrown [s\src\hotspot\share\interpreter\linkResolver.cpp, line 773]
Event: 18.543 Thread 0x00000258f14eb5e0 Exception <a 'java/lang/NoSuchMethodError'{0x00000000eb920bc0}: 'int java.lang.invoke.DirectMethodHandle$Holder.invokeSpecial(java.lang.Object, java.lang.Object, int, int)'> (0x00000000eb920bc0) 
thrown [s\src\hotspot\share\interpreter\linkResolver.cpp, line 773]
Event: 18.546 Thread 0x00000258f14eb5e0 Exception <a 'java/lang/NoSuchMethodError'{0x00000000eb95ed60}: 'int java.lang.invoke.Invokers$Holder.linkToTargetMethod(java.lang.Object, java.lang.Object)'> (0x00000000eb95ed60) 
thrown [s\src\hotspot\share\interpreter\linkResolver.cpp, line 773]
Event: 18.574 Thread 0x00000258f14ef0f0 Exception <a 'java/lang/NoSuchMethodError'{0x00000000ebce9e48}: 'int java.lang.invoke.DirectMethodHandle$Holder.invokeSpecial(java.lang.Object, java.lang.Object, java.lang.Object, java.lang.Object)'> (0x00000000ebce9e48) 
thrown [s\src\hotspot\share\interpreter\linkResolver.cpp, line 773]
Event: 18.576 Thread 0x00000258f14ef0f0 Exception <a 'java/lang/NoSuchMethodError'{0x00000000ebd56ac8}: 'java.lang.Object java.lang.invoke.DirectMethodHandle$Holder.invokeStatic(java.lang.Object, int, java.lang.Object, java.lang.Object)'> (0x00000000ebd56ac8) 
thrown [s\src\hotspot\share\interpreter\linkResolver.cpp, line 773]
Event: 18.577 Thread 0x00000258f14ef0f0 Exception <a 'java/lang/NoSuchMethodError'{0x00000000ebd5a2c8}: 'java.lang.Object java.lang.invoke.DelegatingMethodHandle$Holder.delegate(java.lang.Object, int, java.lang.Object, java.lang.Object)'> (0x00000000ebd5a2c8) 
thrown [s\src\hotspot\share\interpreter\linkResolver.cpp, line 773]
Event: 18.581 Thread 0x00000258f14ef0f0 Exception <a 'java/lang/NoSuchMethodError'{0x00000000ebdc45b0}: 'int java.lang.invoke.Invokers$Holder.linkToTargetMethod(java.lang.Object, java.lang.Object, java.lang.Object)'> (0x00000000ebdc45b0) 
thrown [s\src\hotspot\share\interpreter\linkResolver.cpp, line 773]
Event: 18.601 Thread 0x00000258f14edd40 Exception <a 'java/lang/NoSuchMethodError'{0x00000000eab0ae90}: 'void java.lang.invoke.DirectMethodHandle$Holder.invokeStaticInit(java.lang.Object, java.lang.Object, java.lang.Object, java.lang.Object)'> (0x00000000eab0ae90) 
thrown [s\src\hotspot\share\interpreter\linkResolver.cpp, line 773]
Event: 18.604 Thread 0x00000258f14eb5e0 Exception <a 'java/lang/NoSuchMethodError'{0x00000000eab2aea0}: 'java.lang.Object java.lang.invoke.DirectMethodHandle$Holder.invokeSpecialIFC(java.lang.Object, java.lang.Object, java.lang.Object, java.lang.Object)'> (0x00000000eab2aea0) 
thrown [s\src\hotspot\share\interpreter\linkResolver.cpp, line 773]

ZGC Phase Switch (0 events):
No events

VM Operations (20 events):
Event: 17.961 Executing VM operation: ParallelGCFailedAllocation (Allocation Failure)
Event: 17.962 Executing VM operation: ParallelGCFailedAllocation (Allocation Failure) done
Event: 18.110 Executing VM operation: HandshakeAllThreads (Deoptimize)
Event: 18.110 Executing VM operation: HandshakeAllThreads (Deoptimize) done
Event: 18.185 Executing VM operation: ParallelGCFailedAllocation (Allocation Failure)
Event: 18.187 Executing VM operation: ParallelGCFailedAllocation (Allocation Failure) done
Event: 18.246 Executing VM operation: HandshakeAllThreads (Deoptimize)
Event: 18.246 Executing VM operation: HandshakeAllThreads (Deoptimize) done
Event: 18.326 Executing VM operation: HandshakeAllThreads (Deoptimize)
Event: 18.326 Executing VM operation: HandshakeAllThreads (Deoptimize) done
Event: 18.371 Executing VM operation: HandshakeAllThreads (Deoptimize)
Event: 18.371 Executing VM operation: HandshakeAllThreads (Deoptimize) done
Event: 18.376 Executing VM operation: HandshakeAllThreads (Deoptimize)
Event: 18.376 Executing VM operation: HandshakeAllThreads (Deoptimize) done
Event: 18.406 Executing VM operation: HandshakeAllThreads (Deoptimize)
Event: 18.406 Executing VM operation: HandshakeAllThreads (Deoptimize) done
Event: 18.558 Executing VM operation: HandshakeAllThreads (Deoptimize)
Event: 18.559 Executing VM operation: HandshakeAllThreads (Deoptimize) done
Event: 18.597 Executing VM operation: ParallelGCFailedAllocation (Allocation Failure)
Event: 18.600 Executing VM operation: ParallelGCFailedAllocation (Allocation Failure) done

Memory protections (0 events):
No events

Nmethod flushes (0 events):
No events

Events (20 events):
Event: 18.142 Thread 0x00000258f1ab3300 Thread exited: 0x00000258f1ab3300
Event: 18.143 Thread 0x00000258f1ab81c0 Thread exited: 0x00000258f1ab81c0
Event: 18.143 Thread 0x00000258f1ab3990 Thread exited: 0x00000258f1ab3990
Event: 18.143 Thread 0x0000025894d49590 Thread exited: 0x0000025894d49590
Event: 18.143 Thread 0x00000258f1ab9c00 Thread exited: 0x00000258f1ab9c00
Event: 18.143 Thread 0x00000258f1ab9570 Thread exited: 0x00000258f1ab9570
Event: 18.172 Thread 0x00000258f1ab8850 Thread exited: 0x00000258f1ab8850
Event: 18.172 Thread 0x0000025894d4bcf0 Thread exited: 0x0000025894d4bcf0
Event: 18.172 Thread 0x00000258f1ab2c70 Thread exited: 0x00000258f1ab2c70
Event: 18.172 Thread 0x0000025894d49c20 Thread exited: 0x0000025894d49c20
Event: 18.172 Thread 0x00000258f1ab74a0 Thread exited: 0x00000258f1ab74a0
Event: 18.172 Thread 0x00000258f1ab7b30 Thread exited: 0x00000258f1ab7b30
Event: 18.172 Thread 0x00000258f1ab60f0 Thread exited: 0x00000258f1ab60f0
Event: 18.188 Thread 0x00000258f1ab8ee0 Thread exited: 0x00000258f1ab8ee0
Event: 18.219 Thread 0x00000258f1ab46b0 Thread exited: 0x00000258f1ab46b0
Event: 18.222 Thread 0x00000258f1ab6e10 Thread added: 0x00000258f14eaf50
Event: 18.281 Thread 0x00000258f1ab4020 Thread exited: 0x00000258f1ab4020
Event: 18.538 Thread 0x00000258f14ebc70 Thread added: 0x00000258f14edd40
Event: 18.572 Thread 0x00000258f14edd40 Thread added: 0x00000258f14ef0f0
Event: 18.572 Thread 0x00000258f14ef0f0 Thread added: 0x00000258f14ef780


Dynamic libraries:
0x00007ff68b2c0000 - 0x00007ff68b2ce000 	c:\Users\WWW\.cursor\extensions\redhat.java-1.39.0-win32-x64\jre\21.0.5-win32-x86_64\bin\java.exe
0x00007fff68a60000 - 0x00007fff68cc3000 	C:\WINDOWS\SYSTEM32\ntdll.dll
0x00007fff67870000 - 0x00007fff67937000 	C:\WINDOWS\System32\KERNEL32.DLL
0x00007fff66370000 - 0x00007fff66737000 	C:\WINDOWS\System32\KERNELBASE.dll
0x00007fff65e00000 - 0x00007fff65f4c000 	C:\WINDOWS\System32\ucrtbase.dll
0x00007fff5e900000 - 0x00007fff5e918000 	c:\Users\WWW\.cursor\extensions\redhat.java-1.39.0-win32-x64\jre\21.0.5-win32-x86_64\bin\jli.dll
0x00007fff5d030000 - 0x00007fff5d04e000 	c:\Users\WWW\.cursor\extensions\redhat.java-1.39.0-win32-x64\jre\21.0.5-win32-x86_64\bin\VCRUNTIME140.dll
0x00007fff67be0000 - 0x00007fff67da9000 	C:\WINDOWS\System32\USER32.dll
0x00007fff44b50000 - 0x00007fff44de0000 	C:\WINDOWS\WinSxS\amd64_microsoft.windows.common-controls_6595b64144ccf1df_6.0.26100.3037_none_3e09262ce333c378\COMCTL32.dll
0x00007fff66180000 - 0x00007fff661a7000 	C:\WINDOWS\System32\win32u.dll
0x00007fff68970000 - 0x00007fff68a19000 	C:\WINDOWS\System32\msvcrt.dll
0x00007fff66df0000 - 0x00007fff66e1a000 	C:\WINDOWS\System32\GDI32.dll
0x00007fff661b0000 - 0x00007fff662db000 	C:\WINDOWS\System32\gdi32full.dll
0x00007fff65f50000 - 0x00007fff65ff3000 	C:\WINDOWS\System32\msvcp_win.dll
0x00007fff67ba0000 - 0x00007fff67bcf000 	C:\WINDOWS\System32\IMM32.DLL
0x00007fff5d020000 - 0x00007fff5d02c000 	c:\Users\WWW\.cursor\extensions\redhat.java-1.39.0-win32-x64\jre\21.0.5-win32-x86_64\bin\vcruntime140_1.dll
0x00007fff361c0000 - 0x00007fff3624d000 	c:\Users\WWW\.cursor\extensions\redhat.java-1.39.0-win32-x64\jre\21.0.5-win32-x86_64\bin\msvcp140.dll
0x00007ffec9de0000 - 0x00007ffecab6f000 	c:\Users\WWW\.cursor\extensions\redhat.java-1.39.0-win32-x64\jre\21.0.5-win32-x86_64\bin\server\jvm.dll
0x00007fff688a0000 - 0x00007fff68954000 	C:\WINDOWS\System32\ADVAPI32.dll
0x00007fff66c30000 - 0x00007fff66cd6000 	C:\WINDOWS\System32\sechost.dll
0x00007fff68700000 - 0x00007fff68816000 	C:\WINDOWS\System32\RPCRT4.dll
0x00007fff682a0000 - 0x00007fff68314000 	C:\WINDOWS\System32\WS2_32.dll
0x00007fff64fe0000 - 0x00007fff6502e000 	C:\WINDOWS\SYSTEM32\POWRPROF.dll
0x00007fff52370000 - 0x00007fff523a6000 	C:\WINDOWS\SYSTEM32\WINMM.dll
0x00007fff639e0000 - 0x00007fff639eb000 	C:\WINDOWS\SYSTEM32\VERSION.dll
0x00007fff64f90000 - 0x00007fff64fa4000 	C:\WINDOWS\SYSTEM32\UMPDC.dll
0x00007fff64c00000 - 0x00007fff64c1a000 	C:\WINDOWS\SYSTEM32\kernel.appcore.dll
0x00007fff54490000 - 0x00007fff5449a000 	c:\Users\WWW\.cursor\extensions\redhat.java-1.39.0-win32-x64\jre\21.0.5-win32-x86_64\bin\jimage.dll
0x00007fff5d4a0000 - 0x00007fff5d6e1000 	C:\WINDOWS\SYSTEM32\DBGHELP.DLL
0x00007fff668a0000 - 0x00007fff66c1e000 	C:\WINDOWS\System32\combase.dll
0x00007fff68570000 - 0x00007fff68646000 	C:\WINDOWS\System32\OLEAUT32.dll
0x00007fff486d0000 - 0x00007fff48709000 	C:\WINDOWS\SYSTEM32\dbgcore.DLL
0x00007fff66800000 - 0x00007fff66899000 	C:\WINDOWS\System32\bcryptPrimitives.dll
0x00007fff361a0000 - 0x00007fff361af000 	c:\Users\WWW\.cursor\extensions\redhat.java-1.39.0-win32-x64\jre\21.0.5-win32-x86_64\bin\instrument.dll
0x00007fff54470000 - 0x00007fff5448f000 	c:\Users\WWW\.cursor\extensions\redhat.java-1.39.0-win32-x64\jre\21.0.5-win32-x86_64\bin\java.dll
0x00007fff66ed0000 - 0x00007fff675d4000 	C:\WINDOWS\System32\SHELL32.dll
0x00007fff63ae0000 - 0x00007fff64317000 	C:\WINDOWS\SYSTEM32\windows.storage.dll
0x00007fff67950000 - 0x00007fff67a39000 	C:\WINDOWS\System32\SHCORE.dll
0x00007fff68650000 - 0x00007fff686ad000 	C:\WINDOWS\System32\shlwapi.dll
0x00007fff65d10000 - 0x00007fff65d3e000 	C:\WINDOWS\SYSTEM32\profapi.dll
0x00007fff51440000 - 0x00007fff51458000 	c:\Users\WWW\.cursor\extensions\redhat.java-1.39.0-win32-x64\jre\21.0.5-win32-x86_64\bin\zip.dll
0x00007fff54460000 - 0x00007fff54470000 	C:\Users\WWW\.cursor\extensions\redhat.java-1.39.0-win32-x64\jre\21.0.5-win32-x86_64\bin\net.dll
0x00007fff5dc20000 - 0x00007fff5dd3e000 	C:\WINDOWS\SYSTEM32\WINHTTP.dll
0x00007fff65230000 - 0x00007fff6529a000 	C:\WINDOWS\system32\mswsock.dll
0x00007fff1df50000 - 0x00007fff1df66000 	C:\Users\WWW\.cursor\extensions\redhat.java-1.39.0-win32-x64\jre\21.0.5-win32-x86_64\bin\nio.dll
0x00007fff36180000 - 0x00007fff36190000 	c:\Users\WWW\.cursor\extensions\redhat.java-1.39.0-win32-x64\jre\21.0.5-win32-x86_64\bin\verify.dll
0x00007fff1df80000 - 0x00007fff1dfc5000 	C:\Users\WWW\AppData\Roaming\Cursor\User\globalStorage\redhat.java\1.39.0\config_win\org.eclipse.equinox.launcher\org.eclipse.equinox.launcher.win32.win32.x86_64_1.2.1100.v20240722-2106\eclipse_11904.dll
0x00007fff68320000 - 0x00007fff684b5000 	C:\WINDOWS\System32\ole32.dll
0x00007fff65500000 - 0x00007fff6551c000 	C:\WINDOWS\SYSTEM32\CRYPTSP.dll
0x00007fff64b60000 - 0x00007fff64b98000 	C:\WINDOWS\system32\rsaenh.dll
0x00007fff652f0000 - 0x00007fff6531b000 	C:\WINDOWS\SYSTEM32\USERENV.dll
0x00007fff65730000 - 0x00007fff65756000 	C:\WINDOWS\SYSTEM32\bcrypt.dll
0x00007fff654f0000 - 0x00007fff654fc000 	C:\WINDOWS\SYSTEM32\CRYPTBASE.dll
0x00007fff64610000 - 0x00007fff64642000 	C:\WINDOWS\SYSTEM32\IPHLPAPI.DLL
0x00007fff67940000 - 0x00007fff6794a000 	C:\WINDOWS\System32\NSI.dll
0x00007fff1e020000 - 0x00007fff1e069000 	C:\Users\WWW\AppData\Local\Temp\jna-86391\jna6469055396216242651.dll
0x00007fff68960000 - 0x00007fff68968000 	C:\WINDOWS\System32\PSAPI.DLL
0x00007fff5da20000 - 0x00007fff5da3f000 	C:\WINDOWS\SYSTEM32\dhcpcsvc6.DLL
0x00007fff5d6f0000 - 0x00007fff5d715000 	C:\WINDOWS\SYSTEM32\dhcpcsvc.DLL

dbghelp: loaded successfully - version: 4.0.5 - missing functions: none
symbol engine: initialized successfully - sym options: 0x614 - pdb path: .;c:\Users\WWW\.cursor\extensions\redhat.java-1.39.0-win32-x64\jre\21.0.5-win32-x86_64\bin;C:\WINDOWS\SYSTEM32;C:\WINDOWS\WinSxS\amd64_microsoft.windows.common-controls_6595b64144ccf1df_6.0.26100.3037_none_3e09262ce333c378;c:\Users\WWW\.cursor\extensions\redhat.java-1.39.0-win32-x64\jre\21.0.5-win32-x86_64\bin\server;C:\Users\WWW\AppData\Roaming\Cursor\User\globalStorage\redhat.java\1.39.0\config_win\org.eclipse.equinox.launcher\org.eclipse.equinox.launcher.win32.win32.x86_64_1.2.1100.v20240722-2106;C:\Users\WWW\AppData\Local\Temp\jna-86391

VM Arguments:
jvm_args: --add-modules=ALL-SYSTEM --add-opens=java.base/java.util=ALL-UNNAMED --add-opens=java.base/java.lang=ALL-UNNAMED --add-opens=java.base/sun.nio.fs=ALL-UNNAMED -Declipse.application=org.eclipse.jdt.ls.core.id1 -Dosgi.bundles.defaultStartLevel=4 -Declipse.product=org.eclipse.jdt.ls.core.product -Djava.import.generatesMetadataFilesAtProjectRoot=false -DDetectVMInstallationsJob.disabled=true -Dfile.encoding=utf8 -XX:+UseParallelGC -XX:GCTimeRatio=4 -XX:AdaptiveSizePolicyWeight=90 -Dsun.zip.disableMemoryMapping=true -Xmx1G -Xms100m -Xlog:disable -javaagent:c:\Users\WWW\.cursor\extensions\redhat.java-1.39.0-win32-x64\lombok\lombok-1.18.34.jar -XX:+HeapDumpOnOutOfMemoryError -XX:HeapDumpPath=c:\Users\WWW\AppData\Roaming\Cursor\User\workspaceStorage\eb4fedb4cb654f5adfea5a1c7fcf14af\redhat.java -Daether.dependencyCollector.impl=bf 
java_command: c:\Users\WWW\.cursor\extensions\redhat.java-1.39.0-win32-x64\server\plugins\org.eclipse.equinox.launcher_1.6.900.v20240613-2009.jar -configuration c:\Users\WWW\AppData\Roaming\Cursor\User\globalStorage\redhat.java\1.39.0\config_win -data c:\Users\WWW\AppData\Roaming\Cursor\User\workspaceStorage\eb4fedb4cb654f5adfea5a1c7fcf14af\redhat.java\jdt_ws --pipe=\\.\pipe\lsp-f0ec18a87ab2e5ca0b014895f8ec2151-sock
java_class_path (initial): c:\Users\WWW\.cursor\extensions\redhat.java-1.39.0-win32-x64\server\plugins\org.eclipse.equinox.launcher_1.6.900.v20240613-2009.jar
Launcher Type: SUN_STANDARD

[Global flags]
    uintx AdaptiveSizePolicyWeight                 = 90                                        {product} {command line}
     intx CICompilerCount                          = 12                                        {product} {ergonomic}
    uintx GCTimeRatio                              = 4                                         {product} {command line}
     bool HeapDumpOnOutOfMemoryError               = true                                   {manageable} {command line}
    ccstr HeapDumpPath                             = c:\Users\WWW\AppData\Roaming\Cursor\User\workspaceStorage\eb4fedb4cb654f5adfea5a1c7fcf14af\redhat.java         {manageable} {command line}
   size_t InitialHeapSize                          = 104857600                                 {product} {command line}
   size_t MaxHeapSize                              = 1073741824                                {product} {command line}
   size_t MaxNewSize                               = 357564416                                 {product} {ergonomic}
   size_t MinHeapDeltaBytes                        = 524288                                    {product} {ergonomic}
   size_t MinHeapSize                              = 104857600                                 {product} {command line}
   size_t NewSize                                  = 34603008                                  {product} {ergonomic}
    uintx NonNMethodCodeHeapSize                   = 7602480                                {pd product} {ergonomic}
    uintx NonProfiledCodeHeapSize                  = 122027880                              {pd product} {ergonomic}
   size_t OldSize                                  = 70254592                                  {product} {ergonomic}
    uintx ProfiledCodeHeapSize                     = 122027880                              {pd product} {ergonomic}
    uintx ReservedCodeCacheSize                    = 251658240                              {pd product} {ergonomic}
     bool SegmentedCodeCache                       = true                                      {product} {ergonomic}
   size_t SoftMaxHeapSize                          = 1073741824                             {manageable} {ergonomic}
     bool UseCompressedOops                        = true                           {product lp64_product} {ergonomic}
     bool UseLargePagesIndividualAllocation        = false                                  {pd product} {ergonomic}
     bool UseParallelGC                            = true                                      {product} {command line}

Logging:
Log output configuration:
 #0: stdout all=off uptime,level,tags foldmultilines=false
 #1: stderr all=off uptime,level,tags foldmultilines=false

Environment Variables:
JAVA_HOME=C:\Program Files\Microsoft\jdk-17.0.13.11-hotspot\
PATH=C:\Program Files\Microsoft\jdk-17.0.13.11-hotspot\bin;c:\Users\WWW\AppData\Local\Programs\cursor\resources\app\bin;C:\Program Files\NVIDIA GPU Computing Toolkit\CUDA\v12.6\bin;C:\Program Files\NVIDIA GPU Computing Toolkit\CUDA\v12.6\libnvvp;C:\Python312\Scripts\;C:\Python312\;C:\Program Files\Common Files\Oracle\Java\javapath;C:\WINDOWS\system32;C:\WINDOWS;C:\WINDOWS\System32\Wbem;C:\WINDOWS\System32\WindowsPowerShell\v1.0\;C:\WINDOWS\System32\OpenSSH\;C:\Program Files\Java\jdk-21\bin.;C:\Program Files\dotnet\;C:\Program Files\Git\cmd;C:\ProgramData\chocolatey\bin;C:\Program Files\MySQL\MySQL Server 8.0\bin;C:\Program Files\Calibre2\;C:\Program Files\Docker\Docker\resources\bin;C:\Program Files\NVIDIA Corporation\Nsight Compute 2024.3.2\;C:\Program Files (x86)\NVIDIA Corporation\PhysX\Common;C:\Program Files\NVIDIA Corporation\NVIDIA NvDLISR;C:\Program Files\NVIDIA GPU Computing Toolkit\CUDA\v12.6\bin;C:\Program Files\MySQL\MySQL Shell 8.0\bin\;C:\Users\WWW\AppData\Local\Microsoft\WindowsApps;C:\Program Files\JetBrains\IntelliJ IDEA 2024;C:\Program Files\Microsoft\jdk-17.0.13.11-hotspot\\bin;%LOCALAPPDATA%\Android\Sdk\tools;%LOCALAPPDATA%\Android\Sdk\platform-tools;C:\Program Files\nodejs\;%LOCALAPPDATA%\Android\Sdk\platform-tools;C:\Program Files\MySQL\MySQL Shell 8.0\bin\;C:\Users\WWW\AppData\Local\Microsoft\WindowsApps;C:\Users\WWW\AppData\Local\Programs\Microsoft VS Code\bin;C:\Program Files\JetBrains\IntelliJ IDEA 2024.2.1\bin;;C:\Users\WWW\AppData\Local\GitHubDesktop\bin;C:\Users\WWW\AppData\Local\Microsoft\WinGet\Packages\Schniz.fnm_Microsoft.Winget.Source_8wekyb3d8bbwe;C:\Program Files\PostgreSQL\17\bin;C:\Program Files\JetBrains\WebStorm 2024.3.2\bin;;C:\Users\WWW\AppData\Roaming\npm;C:\Users\WWW\AppData\Local\Android\Sdk\platform-tools;
USERNAME=WWW
OS=Windows_NT
PROCESSOR_IDENTIFIER=Intel64 Family 6 Model 141 Stepping 1, GenuineIntel
TMP=C:\Users\WWW\AppData\Local\Temp
TEMP=C:\Users\WWW\AppData\Local\Temp




Periodic native trim disabled

---------------  S Y S T E M  ---------------

OS:
 Windows 11 , 64 bit Build 26100 (10.0.26100.3037)
OS uptime: 1 days 8:04 hours
Hyper-V role detected

CPU: total 16 (initial active 16) (8 cores per cpu, 2 threads per core) family 6 model 141 stepping 1 microcode 0x26, cx8, cmov, fxsr, ht, mmx, 3dnowpref, sse, sse2, sse3, ssse3, sse4.1, sse4.2, popcnt, lzcnt, tsc, tscinvbit, avx, avx2, aes, erms, clmul, bmi1, bmi2, adx, avx512f, avx512dq, avx512cd, avx512bw, avx512vl, sha, fma, vzeroupper, avx512_vpopcntdq, avx512_vpclmulqdq, avx512_vaes, avx512_vnni, clflush, clflushopt, clwb, avx512_vbmi2, avx512_vbmi, hv, rdtscp, rdpid, fsrm, gfni, avx512_bitalg, f16c, cet_ibt, cet_ss, avx512_ifma
Processor Information for all 16 processors :
  Max Mhz: 2304, Current Mhz: 2304, Mhz Limit: 2304

Memory: 4k page, system-wide physical 16085M (1959M free)
TotalPageFile size 42438M (AvailPageFile size 7M)
current process WorkingSet (physical memory assigned to process): 206M, peak: 207M
current process commit charge ("private bytes"): 313M, peak: 313M

vm_info: OpenJDK 64-Bit Server VM (21.0.5+11-LTS) for windows-amd64 JRE (21.0.5+11-LTS), built on 2024-10-15T00:00:00Z by "admin" with MS VC++ 17.7 (VS2022)

END.
